Flow report for FinalProject
Thu May 04 14:23:30 2017
Quartus II 64-Bit Version 15.0.0 Build 145 04/22/2015 SJ Web Edition


---------------------
; Table of Contents ;
---------------------
  1. Legal Notice
  2. Flow Summary
  3. Flow Settings
  4. Flow Non-Default Global Settings
  5. Flow Elapsed Time
  6. Flow OS Summary
  7. Flow Log
  8. Flow Messages
  9. Flow Suppressed Messages



----------------
; Legal Notice ;
----------------
Copyright (C) 1991-2015 Altera Corporation. All rights reserved.
Your use of Altera Corporation's design tools, logic functions 
and other software and tools, and its AMPP partner logic 
functions, and any output files from any of the foregoing 
(including device programming or simulation files), and any 
associated documentation or information are expressly subject 
to the terms and conditions of the Altera Program License 
Subscription Agreement, the Altera Quartus II License Agreement,
the Altera MegaCore Function License Agreement, or other 
applicable license agreement, including, without limitation, 
that your use is for the sole purpose of programming logic 
devices manufactured by Altera and sold by Altera or its 
authorized distributors.  Please refer to the applicable 
agreement for further details.



+---------------------------------------------------------------------------------+
; Flow Summary                                                                    ;
+------------------------------------+--------------------------------------------+
; Flow Status                        ; Successful - Thu May 04 14:23:30 2017      ;
; Quartus II 64-Bit Version          ; 15.0.0 Build 145 04/22/2015 SJ Web Edition ;
; Revision Name                      ; FinalProject                               ;
; Top-level Entity Name              ; lab8                                       ;
; Family                             ; Cyclone IV E                               ;
; Device                             ; EP4CE115F29C7                              ;
; Timing Models                      ; Final                                      ;
; Total logic elements               ; 3,855 / 114,480 ( 3 % )                    ;
;     Total combinational functions  ; 3,161 / 114,480 ( 3 % )                    ;
;     Dedicated logic registers      ; 2,443 / 114,480 ( 2 % )                    ;
; Total registers                    ; 2562                                       ;
; Total pins                         ; 213 / 529 ( 40 % )                         ;
; Total virtual pins                 ; 0                                          ;
; Total memory bits                  ; 11,392 / 3,981,312 ( < 1 % )               ;
; Embedded Multiplier 9-bit elements ; 4 / 532 ( < 1 % )                          ;
; Total PLLs                         ; 1 / 4 ( 25 % )                             ;
+------------------------------------+--------------------------------------------+


+-----------------------------------------+
; Flow Settings                           ;
+-------------------+---------------------+
; Option            ; Setting             ;
+-------------------+---------------------+
; Start date & time ; 05/04/2017 14:22:16 ;
; Main task         ; Compilation         ;
; Revision Name     ; FinalProject        ;
+-------------------+---------------------+


+--------------------------------------------------------------------------------------------------------------------------------------------------------+
; Flow Non-Default Global Settings                                                                                                                       ;
+-------------------------------------+---------------------------------------------------------------+---------------+-----------------+----------------+
; Assignment Name                     ; Value                                                         ; Default Value ; Entity Name     ; Section Id     ;
+-------------------------------------+---------------------------------------------------------------+---------------+-----------------+----------------+
; COMPILER_SIGNATURE_ID               ; 123745747454639.149392573600540                               ; --            ; --              ; --             ;
; EDA_OUTPUT_DATA_FORMAT              ; Systemverilog Hdl                                             ; --            ; --              ; eda_simulation ;
; EDA_SIMULATION_TOOL                 ; ModelSim-Altera (SystemVerilog)                               ; <None>        ; --              ; --             ;
; MAX_CORE_JUNCTION_TEMP              ; 85                                                            ; --            ; --              ; --             ;
; MIN_CORE_JUNCTION_TEMP              ; 0                                                             ; --            ; --              ; --             ;
; MISC_FILE                           ; nios_system/synthesis/../nios_system.cmp                      ; --            ; --              ; --             ;
; MISC_FILE                           ; nios_system/synthesis/../../nios_system.qsys                  ; --            ; --              ; --             ;
; NOMINAL_CORE_SUPPLY_VOLTAGE         ; 1.2V                                                          ; --            ; --              ; --             ;
; PARTITION_COLOR                     ; 16764057                                                      ; --            ; DE2_115_Default ; Top            ;
; PARTITION_COLOR                     ; 16764057                                                      ; --            ; lab8            ; Top            ;
; PARTITION_FITTER_PRESERVATION_LEVEL ; PLACEMENT_AND_ROUTING                                         ; --            ; DE2_115_Default ; Top            ;
; PARTITION_FITTER_PRESERVATION_LEVEL ; PLACEMENT_AND_ROUTING                                         ; --            ; lab8            ; Top            ;
; PARTITION_NETLIST_TYPE              ; SOURCE                                                        ; --            ; DE2_115_Default ; Top            ;
; PARTITION_NETLIST_TYPE              ; SOURCE                                                        ; --            ; lab8            ; Top            ;
; POWER_BOARD_THERMAL_MODEL           ; None (CONSERVATIVE)                                           ; --            ; --              ; --             ;
; POWER_PRESET_COOLING_SOLUTION       ; 23 MM HEAT SINK WITH 200 LFPM AIRFLOW                         ; --            ; --              ; --             ;
; PROJECT_OUTPUT_DIRECTORY            ; output_files                                                  ; --            ; --              ; --             ;
; SLD_FILE                            ; nios_system/synthesis/nios_system.regmap                      ; --            ; --              ; --             ;
; SLD_FILE                            ; nios_system/synthesis/nios_system.debuginfo                   ; --            ; --              ; --             ;
; SLD_INFO                            ; QSYS_NAME nios_system HAS_SOPCINFO 1 GENERATION_ID 1493913510 ; --            ; nios_system     ; --             ;
; SOPCINFO_FILE                       ; nios_system/synthesis/../../nios_system.sopcinfo              ; --            ; --              ; --             ;
; SYNTHESIS_ONLY_QIP                  ; On                                                            ; --            ; --              ; --             ;
; TOP_LEVEL_ENTITY                    ; lab8                                                          ; FinalProject  ; --              ; --             ;
+-------------------------------------+---------------------------------------------------------------+---------------+-----------------+----------------+


+-------------------------------------------------------------------------------------------------------------------------------+
; Flow Elapsed Time                                                                                                             ;
+---------------------------+--------------+-------------------------+---------------------+------------------------------------+
; Module Name               ; Elapsed Time ; Average Processors Used ; Peak Virtual Memory ; Total CPU Time (on all processors) ;
+---------------------------+--------------+-------------------------+---------------------+------------------------------------+
; Analysis & Synthesis      ; 00:00:28     ; 1.0                     ; 913 MB              ; 00:00:44                           ;
; Fitter                    ; 00:00:24     ; 1.0                     ; 1253 MB             ; 00:00:24                           ;
; Assembler                 ; 00:00:03     ; 1.0                     ; 652 MB              ; 00:00:04                           ;
; TimeQuest Timing Analyzer ; 00:00:04     ; 1.0                     ; 833 MB              ; 00:00:04                           ;
; EDA Netlist Writer        ; 00:00:04     ; 1.0                     ; 669 MB              ; 00:00:04                           ;
; Total                     ; 00:01:03     ; --                      ; --                  ; 00:01:20                           ;
+---------------------------+--------------+-------------------------+---------------------+------------------------------------+


+----------------------------------------------------------------------------------------+
; Flow OS Summary                                                                        ;
+---------------------------+------------------+-----------+------------+----------------+
; Module Name               ; Machine Hostname ; OS Name   ; OS Version ; Processor type ;
+---------------------------+------------------+-----------+------------+----------------+
; Analysis & Synthesis      ; DESKTOP-3HJCS60  ; Windows 7 ; 6.2        ; x86_64         ;
; Fitter                    ; DESKTOP-3HJCS60  ; Windows 7 ; 6.2        ; x86_64         ;
; Assembler                 ; DESKTOP-3HJCS60  ; Windows 7 ; 6.2        ; x86_64         ;
; TimeQuest Timing Analyzer ; DESKTOP-3HJCS60  ; Windows 7 ; 6.2        ; x86_64         ;
; EDA Netlist Writer        ; DESKTOP-3HJCS60  ; Windows 7 ; 6.2        ; x86_64         ;
+---------------------------+------------------+-----------+------------+----------------+


------------
; Flow Log ;
------------
quartus_map --read_settings_files=on --write_settings_files=off FinalProject -c FinalProject
quartus_fit --read_settings_files=off --write_settings_files=off FinalProject -c FinalProject
quartus_asm --read_settings_files=off --write_settings_files=off FinalProject -c FinalProject
quartus_sta FinalProject -c FinalProject
quartus_eda --read_settings_files=off --write_settings_files=off FinalProject -c FinalProject



